<?xml version="1.0" encoding="UTF-8"?>
<testng-results ignored="0" total="2" passed="2" failed="0" skipped="0">
  <reporter-output>
  </reporter-output>
  <suite started-at="2023-01-24T22:14:20 IST" name="Suite" finished-at="2023-01-24T22:14:20 IST" duration-ms="72">
    <groups>
    </groups>
    <test started-at="2023-01-24T22:14:20 IST" name="Test" finished-at="2023-01-24T22:14:20 IST" duration-ms="72">
      <class name="com.qa.test.ForeignPlayerTest">
        <test-method signature="foreignPlayersTest()[pri:0, instance:com.qa.test.ForeignPlayerTest@6cd28fa7]" started-at="2023-01-24T22:14:20 IST" name="foreignPlayersTest" finished-at="2023-01-24T22:14:20 IST" duration-ms="24" status="PASS">
          <reporter-output>
          </reporter-output>
        </test-method> <!-- foreignPlayersTest -->
      </class> <!-- com.qa.test.ForeignPlayerTest -->
      <class name="com.qa.test.WicketKeeperTest">
        <test-method signature="wicketKeeperTest()[pri:0, instance:com.qa.test.WicketKeeperTest@306e95ec]" started-at="2023-01-24T22:14:20 IST" name="wicketKeeperTest" finished-at="2023-01-24T22:14:20 IST" duration-ms="3" status="PASS">
          <reporter-output>
          </reporter-output>
        </test-method> <!-- wicketKeeperTest -->
      </class> <!-- com.qa.test.WicketKeeperTest -->
    </test> <!-- Test -->
  </suite> <!-- Suite -->
</testng-results>
